./node_modules/.bin/truffle migrate -f 2001 --to 2999 --network kovan --reset
GPC: A new WS provider created for "kovan" network
GPC: RPC endpoint: wss://kovan.infura.io/ws/v3/83ea24ff57c3420abe37f03312bbafc1
GPC: Unlocked accounts: [ '0xdddddf4630b0ca1d7f18b681e61f5f40c0a4a652',
  '0x7a90ac1969e5452dcb914b66f5a924493d0c64d7',
  '0xfffff2b5e1b308331b8548960347f9d874824f40',
  '0x111119454839c655ecbf662a292de4fc597a9f44',
  '0x2222ebc798ebe6517adf90483d1ca69b5276978b',
  '0x3333331e386a009d9538e759a92ddb37f8da4852' ]


Compiling your contracts...
===========================
> Everything is up to date, there is nothing to compile.



Starting migrations...
======================
> Network name:    'kovan'
> Network id:      42
> Block gas limit: 0x98705c


2001_test_v3_mainnet.js
=======================
deployer address: 0xDDddDf4630b0Ca1D7F18B681e61F5F40c0a4A652
Deploying YALLTokenEthereum

   Deploying 'YALLTokenEthereum'
   -----------------------------
   > transaction hash:    0x6d0d9a3c3c266432d6f29305d2be8a89b18da1f148c19b57c641cbd276629f6b
   > Blocks: 0            Seconds: 4
   > contract address:    0xF82247e3eE03158d6F55CDDFEa1048Db1c9657CD
   > block number:        18588298
   > block timestamp:     1589792812
   > account:             0xDDddDf4630b0Ca1D7F18B681e61F5F40c0a4A652
   > balance:             4.987463432
   > gas used:            1392952
   > gas price:           9 gwei
   > value sent:          0 ETH
   > total cost:          0.012536568 ETH

Saving addresses and abi to deployed folder...
saved to /Users/nikita/projects/dcity/migrations/../deployed/kovan.json
   > Saving artifacts
   -------------------------------------
   > Total cost:         0.012536568 ETH


Summary
=======
> Total deployments:   1
> Final cost:          0.012536568 ETH
