./node_modules/.bin/truffle migrate -f 1001 --to 1999 --network sokol --reset
GPC: A new WS provider created for "sokol" network
GPC: RPC endpoint: ws://sokol-rpc-parity-001.poa.network:8546
GPC: Unlocked accounts: [ '0xdddddf4630b0ca1d7f18b681e61f5f40c0a4a652',
  '0x7a90ac1969e5452dcb914b66f5a924493d0c64d7',
  '0xfffff2b5e1b308331b8548960347f9d874824f40',
  '0x111119454839c655ecbf662a292de4fc597a9f44',
  '0x2222ebc798ebe6517adf90483d1ca69b5276978b',
  '0x3333331e386a009d9538e759a92ddb37f8da4852' ]


Compiling your contracts...
===========================
> Everything is up to date, there is nothing to compile.



Starting migrations...
======================
> Network name:    'sokol'
> Network id:      77
> Block gas limit: 0x98705c


1001_test_v3.js
===============
network name: sokol
deployer address: 0xDDddDf4630b0Ca1D7F18B681e61F5F40c0a4A652
Deploying the proxied contract implementations...

   Deploying 'YALLRegistry'
   ------------------------
   > transaction hash:    0xdf1c901f0ed6bc4242e0ff59c232b847609ceaa32422ccbddbb25f66adb5b3ad
   > Blocks: 1            Seconds: 4
   > contract address:    0x0c4221E687176FD692cc6c54DC57b3802862b228
   > block number:        14772568
   > block timestamp:     1589792330
   > account:             0xDDddDf4630b0Ca1D7F18B681e61F5F40c0a4A652
   > balance:             99.965496682
   > gas used:            1184180
   > gas price:           1 gwei
   > value sent:          0 ETH
   > total cost:          0.00118418 ETH


   Deploying 'YALLDistributor'
   ---------------------------
   > transaction hash:    0x05867d5f380ba61a18f1e6aa4ec71a23411307103c29fae86f2d86aa12aefc0c
   > Blocks: 1            Seconds: 4
   > contract address:    0x5B1E018f57f3EBf0a480c008F8cA3b017D7B4eEe
   > block number:        14772569
   > block timestamp:     1589792335
   > account:             0xDDddDf4630b0Ca1D7F18B681e61F5F40c0a4A652
   > balance:             99.960721934
   > gas used:            4774748
   > gas price:           1 gwei
   > value sent:          0 ETH
   > total cost:          0.004774748 ETH


   Deploying 'YALLExchange'
   ------------------------
   > transaction hash:    0x9e6224d49f9e6b470e211e82bf06d4b962fd88abf28b3caa8b11dfa5ed4c2fa8
   > Blocks: 0            Seconds: 4
   > contract address:    0x57c5aF62b12c6Fb29a50f77d9dAe955cfb2C8855
   > block number:        14772570
   > block timestamp:     1589792340
   > account:             0xDDddDf4630b0Ca1D7F18B681e61F5F40c0a4A652
   > balance:             99.956723557
   > gas used:            3998377
   > gas price:           1 gwei
   > value sent:          0 ETH
   > total cost:          0.003998377 ETH


   Deploying 'ProxyAdmin'
   ----------------------
   > transaction hash:    0x27c1877d5a7b0b619e42b209666ed65f50e4843ba1134643f2d8a578c8a42b0d
   > Blocks: 1            Seconds: 4
   > contract address:    0x2397171665862Ac2482191853B77caa18CB816bC
   > block number:        14772571
   > block timestamp:     1589792345
   > account:             0xDDddDf4630b0Ca1D7F18B681e61F5F40c0a4A652
   > balance:             99.95617868
   > gas used:            544877
   > gas price:           1 gwei
   > value sent:          0 ETH
   > total cost:          0.000544877 ETH

Deploying YALLDistributor/YALLExchange proxy instances...
Transferring proxy admin permissions to the ProxyAdmin contract
Deploying YALLToken contract...

   Deploying 'YALLToken'
   ---------------------
   > transaction hash:    0x0881fb0d234ba0c0e9a3aa916cbf309f35d3c2bef73f17311b8532cd796969b8
   > Blocks: 1            Seconds: 4
   > contract address:    0x83bacC01dD7B9B083160e12164c18bF0766b14A9
   > block number:        14772576
   > block timestamp:     1589792375
   > account:             0xDDddDf4630b0Ca1D7F18B681e61F5F40c0a4A652
   > balance:             99.950854393
   > gas used:            3373663
   > gas price:           1 gwei
   > value sent:          0 ETH
   > total cost:          0.003373663 ETH

GSN checks...
Funding GSN recipients...
Setting up Registry and ACL records
Setting up temporary Registry and ACL records for deployer
Setting up fees...
Setting up whitelisted contracts for token transfers...
Setting up exchange limits...
Adding initial members...
Revoking temporary Registry and ACL records for deployer
Transferring ownerships
Checking permissions
Saving addresses and abi to deployed folder...
saved to /Users/nikita/projects/dcity/migrations/../deployed/sokol.json
   > Saving artifacts
   -------------------------------------
   > Total cost:         0.013875845 ETH


Summary
=======
> Total deployments:   5
> Final cost:          0.013875845 ETH
